<?xml version="1.0" encoding="UTF-8"?>
<coverage generated="1592491126655" clover="3.2.0">
  <project timestamp="1592491126656" name="All files">
    <metrics statements="26" coveredstatements="23" conditionals="6" coveredconditionals="4" methods="2" coveredmethods="2" elements="34" coveredelements="29" complexity="0" loc="26" ncloc="26" packages="1" files="1" classes="1"/>
    <file name="validator.js" path="C:\Users\catal\Documents-Scripts\PROYECTOS-PROGRAMACION\SCL014-card-validation\src\validator.js">
      <metrics statements="26" coveredstatements="23" conditionals="6" coveredconditionals="4" methods="2" coveredmethods="2"/>
      <line num="1" count="1" type="stmt"/>
      <line num="3" count="1" type="stmt"/>
      <line num="4" count="1" type="stmt"/>
      <line num="7" count="1" type="stmt"/>
      <line num="8" count="16" type="stmt"/>
      <line num="12" count="1" type="stmt"/>
      <line num="13" count="8" type="stmt"/>
      <line num="17" count="1" type="stmt"/>
      <line num="18" count="16" type="cond" truecount="2" falsecount="0"/>
      <line num="19" count="4" type="stmt"/>
      <line num="21" count="12" type="stmt"/>
      <line num="26" count="1" type="stmt"/>
      <line num="27" count="16" type="stmt"/>
      <line num="31" count="1" type="cond" truecount="1" falsecount="1"/>
      <line num="32" count="1" type="stmt"/>
      <line num="34" count="0" type="stmt"/>
      <line num="39" count="1" type="stmt"/>
      <line num="41" count="1" type="cond" truecount="1" falsecount="1"/>
      <line num="42" count="1" type="stmt"/>
      <line num="43" count="1" type="stmt"/>
      <line num="44" count="1" type="stmt"/>
      <line num="45" count="12" type="stmt"/>
      <line num="47" count="1" type="stmt"/>
      <line num="48" count="1" type="stmt"/>
      <line num="50" count="0" type="stmt"/>
      <line num="51" count="0" type="stmt"/>
    </file>
  </project>
</coverage>
