{"C:\\Users\\mac\\Desktop\\laboratoria\\proyectos\\credit-card\\SCL014-card-validation\\src\\validator.js": {"path":"C:\\Users\\mac\\Desktop\\laboratoria\\proyectos\\credit-card\\SCL014-card-validation\\src\\validator.js","statementMap":{"0":{"start":{"line":1,"column":18},"end":{"line":54,"column":1}},"1":{"start":{"line":3,"column":32},"end":{"line":3,"column":45}},"2":{"start":{"line":4,"column":35},"end":{"line":4,"column":36}},"3":{"start":{"line":7,"column":8},"end":{"line":9,"column":9}},"4":{"start":{"line":7,"column":21},"end":{"line":7,"column":22}},"5":{"start":{"line":8,"column":12},"end":{"line":8,"column":60}},"6":{"start":{"line":12,"column":8},"end":{"line":14,"column":9}},"7":{"start":{"line":12,"column":21},"end":{"line":12,"column":22}},"8":{"start":{"line":13,"column":12},"end":{"line":13,"column":72}},"9":{"start":{"line":17,"column":8},"end":{"line":23,"column":9}},"10":{"start":{"line":17,"column":21},"end":{"line":17,"column":22}},"11":{"start":{"line":18,"column":12},"end":{"line":22,"column":13}},"12":{"start":{"line":19,"column":16},"end":{"line":19,"column":123}},"13":{"start":{"line":21,"column":16},"end":{"line":21,"column":70}},"14":{"start":{"line":26,"column":8},"end":{"line":28,"column":9}},"15":{"start":{"line":26,"column":22},"end":{"line":26,"column":23}},"16":{"start":{"line":27,"column":12},"end":{"line":27,"column":57}},"17":{"start":{"line":31,"column":8},"end":{"line":35,"column":9}},"18":{"start":{"line":32,"column":12},"end":{"line":32,"column":24}},"19":{"start":{"line":34,"column":12},"end":{"line":34,"column":25}},"20":{"start":{"line":39,"column":28},"end":{"line":39,"column":40}},"21":{"start":{"line":41,"column":8},"end":{"line":52,"column":9}},"22":{"start":{"line":42,"column":28},"end":{"line":42,"column":48}},"23":{"start":{"line":43,"column":29},"end":{"line":43,"column":51}},"24":{"start":{"line":44,"column":12},"end":{"line":46,"column":13}},"25":{"start":{"line":44,"column":25},"end":{"line":44,"column":26}},"26":{"start":{"line":45,"column":16},"end":{"line":45,"column":36}},"27":{"start":{"line":47,"column":12},"end":{"line":47,"column":64}},"28":{"start":{"line":48,"column":12},"end":{"line":48,"column":43}},"29":{"start":{"line":50,"column":12},"end":{"line":50,"column":47}},"30":{"start":{"line":51,"column":12},"end":{"line":51,"column":43}}},"fnMap":{"0":{"name":"(anonymous_0)","decl":{"start":{"line":2,"column":12},"end":{"line":2,"column":13}},"loc":{"start":{"line":2,"column":26},"end":{"line":36,"column":5}},"line":2},"1":{"name":"(anonymous_1)","decl":{"start":{"line":38,"column":12},"end":{"line":38,"column":13}},"loc":{"start":{"line":38,"column":26},"end":{"line":53,"column":5}},"line":38}},"branchMap":{"0":{"loc":{"start":{"line":18,"column":12},"end":{"line":22,"column":13}},"type":"if","locations":[{"start":{"line":18,"column":12},"end":{"line":22,"column":13}},{"start":{"line":18,"column":12},"end":{"line":22,"column":13}}],"line":18},"1":{"loc":{"start":{"line":31,"column":8},"end":{"line":35,"column":9}},"type":"if","locations":[{"start":{"line":31,"column":8},"end":{"line":35,"column":9}},{"start":{"line":31,"column":8},"end":{"line":35,"column":9}}],"line":31},"2":{"loc":{"start":{"line":41,"column":8},"end":{"line":52,"column":9}},"type":"if","locations":[{"start":{"line":41,"column":8},"end":{"line":52,"column":9}},{"start":{"line":41,"column":8},"end":{"line":52,"column":9}}],"line":41}},"s":{"0":1,"1":1,"2":1,"3":1,"4":1,"5":16,"6":1,"7":1,"8":8,"9":1,"10":1,"11":16,"12":4,"13":12,"14":1,"15":1,"16":16,"17":1,"18":1,"19":0,"20":1,"21":1,"22":1,"23":1,"24":1,"25":1,"26":12,"27":1,"28":1,"29":0,"30":0},"f":{"0":1,"1":1},"b":{"0":[4,12],"1":[1,0],"2":[1,0]},"_coverageSchema":"43e27e138ebf9cfc5966b082cf9a028302ed4184","hash":"a240f5a23bedbdc3f73deb9207deddfa8f669870"}
}
