TN:
SF:C:\Users\mac\Desktop\laboratoria\proyectos\credit-card\SCL014-card-validation\src\validator.js
FN:2,(anonymous_0)
FN:38,(anonymous_1)
FNF:2
FNH:2
FNDA:1,(anonymous_0)
FNDA:1,(anonymous_1)
DA:1,1
DA:3,1
DA:4,1
DA:7,1
DA:8,16
DA:12,1
DA:13,8
DA:17,1
DA:18,16
DA:19,4
DA:21,12
DA:26,1
DA:27,16
DA:31,1
DA:32,1
DA:34,0
DA:39,1
DA:41,1
DA:42,1
DA:43,1
DA:44,1
DA:45,12
DA:47,1
DA:48,1
DA:50,0
DA:51,0
LF:26
LH:23
BRDA:18,0,0,4
BRDA:18,0,1,12
BRDA:31,1,0,1
BRDA:31,1,1,0
BRDA:41,2,0,1
BRDA:41,2,1,0
BRF:6
BRH:4
end_of_record
